[debug] [2024-06-18T10:58:58.325Z] ----------------------------------------------------------------------
[debug] [2024-06-18T10:58:58.326Z] Command:       /opt/homebrew/Cellar/node/22.2.0/bin/node /opt/homebrew/bin/firebase init
[debug] [2024-06-18T10:58:58.326Z] CLI Version:   13.11.2
[debug] [2024-06-18T10:58:58.327Z] Platform:      darwin
[debug] [2024-06-18T10:58:58.327Z] Node Version:  v22.2.0
[debug] [2024-06-18T10:58:58.327Z] Time:          Tue Jun 18 2024 16:28:58 GMT+0530 (India Standard Time)
[debug] [2024-06-18T10:58:58.327Z] ----------------------------------------------------------------------
[debug] 
[debug] [2024-06-18T10:58:58.330Z] > command requires scopes: ["email","openid","https://www.googleapis.com/auth/cloudplatformprojects.readonly","https://www.googleapis.com/auth/firebase","https://www.googleapis.com/auth/cloud-platform"]
[debug] [2024-06-18T10:58:58.331Z] > authorizing via signed-in user (chasanpro@gmail.com)
[info] 
     ######## #### ########  ######## ########     ###     ######  ########
     ##        ##  ##     ## ##       ##     ##  ##   ##  ##       ##
     ######    ##  ########  ######   ########  #########  ######  ######
     ##        ##  ##    ##  ##       ##     ## ##     ##       ## ##
     ##       #### ##     ## ######## ########  ##     ##  ######  ########

You're about to initialize a Firebase project in this directory:

  /Volumes/Secondary/Downloads/vcard-personal-portfolio-master

Before we get started, keep in mind:

  * You are currently outside your home directory

[info] 
=== Project Setup
[info] 
[info] First, let's associate this project directory with a Firebase project.
[info] You can create multiple project aliases by running firebase use --add, 
[info] but for now we'll just set up a default project.
[info] 
[debug] [2024-06-18T10:59:02.929Z] > refreshing access token with scopes: []
[debug] [2024-06-18T10:59:02.932Z] >>> [apiv2][query] POST https://www.googleapis.com/oauth2/v3/token [none]
[debug] [2024-06-18T10:59:02.932Z] >>> [apiv2][body] POST https://www.googleapis.com/oauth2/v3/token [omitted]
[debug] [2024-06-18T10:59:03.306Z] <<< [apiv2][status] POST https://www.googleapis.com/oauth2/v3/token 200
[debug] [2024-06-18T10:59:03.306Z] <<< [apiv2][body] POST https://www.googleapis.com/oauth2/v3/token [omitted]
[debug] [2024-06-18T10:59:03.323Z] >>> [apiv2][query] GET https://firebase.googleapis.com/v1beta1/projects pageSize=100
[debug] [2024-06-18T10:59:04.059Z] <<< [apiv2][status] GET https://firebase.googleapis.com/v1beta1/projects 200
[debug] [2024-06-18T10:59:04.059Z] <<< [apiv2][body] GET https://firebase.googleapis.com/v1beta1/projects [omitted]
[info] i  Using project xpenstrack-ac27d (Xpenstrack) 
[info] 
=== Hosting Setup
[debug] [2024-06-18T10:59:06.778Z] >>> [apiv2][query] GET https://firebase.googleapis.com/v1beta1/projects/xpenstrack-ac27d [none]
[debug] [2024-06-18T10:59:07.088Z] <<< [apiv2][status] GET https://firebase.googleapis.com/v1beta1/projects/xpenstrack-ac27d 200
[debug] [2024-06-18T10:59:07.088Z] <<< [apiv2][body] GET https://firebase.googleapis.com/v1beta1/projects/xpenstrack-ac27d {"projectId":"xpenstrack-ac27d","projectNumber":"372513625215","displayName":"Xpenstrack","name":"projects/xpenstrack-ac27d","resources":{"hostingSite":"xpenstrack-ac27d"},"state":"ACTIVE","etag":"1_ab003261-4c66-4045-8a02-596cf931d7d1"}
[info] 
[info] Your public directory is the folder (relative to your project directory) that
[info] will contain Hosting assets to be uploaded with firebase deploy. If you
[info] have a build process for your assets, use your build's output directory.
[info] 
[debug] [2024-06-18T10:59:25.167Z] >>> [apiv2][query] GET https://www.gstatic.com/firebasejs/releases.json [none]
[debug] [2024-06-18T10:59:25.415Z] <<< [apiv2][status] GET https://www.gstatic.com/firebasejs/releases.json 200
[debug] [2024-06-18T10:59:25.415Z] <<< [apiv2][body] GET https://www.gstatic.com/firebasejs/releases.json {"current":{"version":"10.12.2","browserURL":"https://www.gstatic.com/firebasejs/10.12.2/firebase.js","packageURL":"https://www.gstatic.com/firebasejs/10.12.2/firebase.tgz"},"live":{"version":"10.12","browserURL":"https://www.gstatic.com/firebasejs/live/10.12/firebase.js","packageURL":"https://www.gstatic.com/firebasejs/live/10.12/firebase.tgz"},"components":{"analytics":"https://www.gstatic.com/firebasejs/10.12.2/firebase-analytics.js","app":"https://www.gstatic.com/firebasejs/10.12.2/firebase-app.js","app-check":"https://www.gstatic.com/firebasejs/10.12.2/firebase-app-check.js","auth":"https://www.gstatic.com/firebasejs/10.12.2/firebase-auth.js","auth/cordova":"https://www.gstatic.com/firebasejs/10.12.2/firebase-auth/cordova.js","auth/web-extension":"https://www.gstatic.com/firebasejs/10.12.2/firebase-auth/web-extension.js","functions":"https://www.gstatic.com/firebasejs/10.12.2/firebase-functions.js","firestore":"https://www.gstatic.com/firebasejs/10.12.2/firebase-firestore.js","firestore/lite":"https://www.gstatic.com/firebasejs/10.12.2/firebase-firestore/lite.js","installations":"https://www.gstatic.com/firebasejs/10.12.2/firebase-installations.js","storage":"https://www.gstatic.com/firebasejs/10.12.2/firebase-storage.js","performance":"https://www.gstatic.com/firebasejs/10.12.2/firebase-performance.js","remote-config":"https://www.gstatic.com/firebasejs/10.12.2/firebase-remote-config.js","messaging":"https://www.gstatic.com/firebasejs/10.12.2/firebase-messaging.js","messaging/sw":"https://www.gstatic.com/firebasejs/10.12.2/firebase-messaging/sw.js","database":"https://www.gstatic.com/firebasejs/10.12.2/firebase-database.js","vertexai-preview":"https://www.gstatic.com/firebasejs/10.12.2/firebase-vertexai-preview.js","firestore.memory":"https://www.gstatic.com/firebasejs/10.12.2/firebase-firestore.memory.js"}}
[debug] [2024-06-18T10:59:25.555Z] Error: ENOTDIR: not a directory, scandir '/Volumes/Secondary/Downloads/vcard-personal-portfolio-master/index.html'
    at Object.readdirSync (node:fs:1509:26)
    at Object.createFileSync (/opt/homebrew/Cellar/firebase-cli/13.11.2/libexec/lib/node_modules/firebase-tools/node_modules/fs-extra/lib/ensure/file.js:55:10)
    at Config.writeProjectFile (/opt/homebrew/Cellar/firebase-cli/13.11.2/libexec/lib/node_modules/firebase-tools/lib/config.js:154:12)
    at /opt/homebrew/Cellar/firebase-cli/13.11.2/libexec/lib/node_modules/firebase-tools/lib/config.js:178:22
    at process.processTicksAndRejections (node:internal/process/task_queues:95:5)
    at async doSetup (/opt/homebrew/Cellar/firebase-cli/13.11.2/libexec/lib/node_modules/firebase-tools/lib/init/features/hosting/index.js:177:9)
    at async init (/opt/homebrew/Cellar/firebase-cli/13.11.2/libexec/lib/node_modules/firebase-tools/lib/init/index.js:39:9)
[error] 
[error] Error: An unexpected error has occurred.
[debug] [2024-06-18T10:59:38.416Z] ----------------------------------------------------------------------
[debug] [2024-06-18T10:59:38.418Z] Command:       /opt/homebrew/Cellar/node/22.2.0/bin/node /opt/homebrew/bin/firebase init
[debug] [2024-06-18T10:59:38.418Z] CLI Version:   13.11.2
[debug] [2024-06-18T10:59:38.418Z] Platform:      darwin
[debug] [2024-06-18T10:59:38.418Z] Node Version:  v22.2.0
[debug] [2024-06-18T10:59:38.418Z] Time:          Tue Jun 18 2024 16:29:38 GMT+0530 (India Standard Time)
[debug] [2024-06-18T10:59:38.418Z] ----------------------------------------------------------------------
[debug] 
[debug] [2024-06-18T10:59:38.422Z] > command requires scopes: ["email","openid","https://www.googleapis.com/auth/cloudplatformprojects.readonly","https://www.googleapis.com/auth/firebase","https://www.googleapis.com/auth/cloud-platform"]
[debug] [2024-06-18T10:59:38.422Z] > authorizing via signed-in user (chasanpro@gmail.com)
[info] 
     ######## #### ########  ######## ########     ###     ######  ########
     ##        ##  ##     ## ##       ##     ##  ##   ##  ##       ##
     ######    ##  ########  ######   ########  #########  ######  ######
     ##        ##  ##    ##  ##       ##     ## ##     ##       ## ##
     ##       #### ##     ## ######## ########  ##     ##  ######  ########

You're about to initialize a Firebase project in this directory:

  /Volumes/Secondary/Downloads/vcard-personal-portfolio-master

Before we get started, keep in mind:

  * You are currently outside your home directory

[info] 
=== Project Setup
[info] 
[info] First, let's associate this project directory with a Firebase project.
[info] You can create multiple project aliases by running firebase use --add, 
[info] but for now we'll just set up a default project.
[info] 
[debug] [2024-06-18T10:59:43.312Z] >>> [apiv2][query] GET https://firebase.googleapis.com/v1beta1/projects pageSize=100
[debug] [2024-06-18T10:59:43.995Z] <<< [apiv2][status] GET https://firebase.googleapis.com/v1beta1/projects 200
[debug] [2024-06-18T10:59:43.995Z] <<< [apiv2][body] GET https://firebase.googleapis.com/v1beta1/projects [omitted]
[info] i  Using project xpenstrack-ac27d (Xpenstrack) 
[info] 
=== Hosting Setup
[debug] [2024-06-18T10:59:46.391Z] >>> [apiv2][query] GET https://firebase.googleapis.com/v1beta1/projects/xpenstrack-ac27d [none]
[debug] [2024-06-18T10:59:46.761Z] <<< [apiv2][status] GET https://firebase.googleapis.com/v1beta1/projects/xpenstrack-ac27d 200
[debug] [2024-06-18T10:59:46.762Z] <<< [apiv2][body] GET https://firebase.googleapis.com/v1beta1/projects/xpenstrack-ac27d {"projectId":"xpenstrack-ac27d","projectNumber":"372513625215","displayName":"Xpenstrack","name":"projects/xpenstrack-ac27d","resources":{"hostingSite":"xpenstrack-ac27d"},"state":"ACTIVE","etag":"1_ab003261-4c66-4045-8a02-596cf931d7d1"}
[info] 
[info] Your public directory is the folder (relative to your project directory) that
[info] will contain Hosting assets to be uploaded with firebase deploy. If you
[info] have a build process for your assets, use your build's output directory.
[info] 
[debug] [2024-06-18T11:00:16.771Z] >>> [apiv2][query] GET https://www.gstatic.com/firebasejs/releases.json [none]
[debug] [2024-06-18T11:00:16.886Z] <<< [apiv2][status] GET https://www.gstatic.com/firebasejs/releases.json 200
[debug] [2024-06-18T11:00:16.886Z] <<< [apiv2][body] GET https://www.gstatic.com/firebasejs/releases.json {"current":{"version":"10.12.2","browserURL":"https://www.gstatic.com/firebasejs/10.12.2/firebase.js","packageURL":"https://www.gstatic.com/firebasejs/10.12.2/firebase.tgz"},"live":{"version":"10.12","browserURL":"https://www.gstatic.com/firebasejs/live/10.12/firebase.js","packageURL":"https://www.gstatic.com/firebasejs/live/10.12/firebase.tgz"},"components":{"analytics":"https://www.gstatic.com/firebasejs/10.12.2/firebase-analytics.js","app":"https://www.gstatic.com/firebasejs/10.12.2/firebase-app.js","app-check":"https://www.gstatic.com/firebasejs/10.12.2/firebase-app-check.js","auth":"https://www.gstatic.com/firebasejs/10.12.2/firebase-auth.js","auth/cordova":"https://www.gstatic.com/firebasejs/10.12.2/firebase-auth/cordova.js","auth/web-extension":"https://www.gstatic.com/firebasejs/10.12.2/firebase-auth/web-extension.js","functions":"https://www.gstatic.com/firebasejs/10.12.2/firebase-functions.js","firestore":"https://www.gstatic.com/firebasejs/10.12.2/firebase-firestore.js","firestore/lite":"https://www.gstatic.com/firebasejs/10.12.2/firebase-firestore/lite.js","installations":"https://www.gstatic.com/firebasejs/10.12.2/firebase-installations.js","storage":"https://www.gstatic.com/firebasejs/10.12.2/firebase-storage.js","performance":"https://www.gstatic.com/firebasejs/10.12.2/firebase-performance.js","remote-config":"https://www.gstatic.com/firebasejs/10.12.2/firebase-remote-config.js","messaging":"https://www.gstatic.com/firebasejs/10.12.2/firebase-messaging.js","messaging/sw":"https://www.gstatic.com/firebasejs/10.12.2/firebase-messaging/sw.js","database":"https://www.gstatic.com/firebasejs/10.12.2/firebase-database.js","vertexai-preview":"https://www.gstatic.com/firebasejs/10.12.2/firebase-vertexai-preview.js","firestore.memory":"https://www.gstatic.com/firebasejs/10.12.2/firebase-firestore.memory.js"}}
[debug] [2024-06-18T11:00:17.031Z] Error: ENOTDIR: not a directory, scandir '/Volumes/Secondary/Downloads/vcard-personal-portfolio-master/index.html'
    at Object.readdirSync (node:fs:1509:26)
    at Object.createFileSync (/opt/homebrew/Cellar/firebase-cli/13.11.2/libexec/lib/node_modules/firebase-tools/node_modules/fs-extra/lib/ensure/file.js:55:10)
    at Config.writeProjectFile (/opt/homebrew/Cellar/firebase-cli/13.11.2/libexec/lib/node_modules/firebase-tools/lib/config.js:154:12)
    at /opt/homebrew/Cellar/firebase-cli/13.11.2/libexec/lib/node_modules/firebase-tools/lib/config.js:178:22
    at process.processTicksAndRejections (node:internal/process/task_queues:95:5)
    at async doSetup (/opt/homebrew/Cellar/firebase-cli/13.11.2/libexec/lib/node_modules/firebase-tools/lib/init/features/hosting/index.js:177:9)
    at async init (/opt/homebrew/Cellar/firebase-cli/13.11.2/libexec/lib/node_modules/firebase-tools/lib/init/index.js:39:9)
[error] 
[error] Error: An unexpected error has occurred.
[debug] [2024-06-18T11:00:19.964Z] ----------------------------------------------------------------------
[debug] [2024-06-18T11:00:19.966Z] Command:       /opt/homebrew/Cellar/node/22.2.0/bin/node /opt/homebrew/bin/firebase init
[debug] [2024-06-18T11:00:19.966Z] CLI Version:   13.11.2
[debug] [2024-06-18T11:00:19.966Z] Platform:      darwin
[debug] [2024-06-18T11:00:19.966Z] Node Version:  v22.2.0
[debug] [2024-06-18T11:00:19.966Z] Time:          Tue Jun 18 2024 16:30:19 GMT+0530 (India Standard Time)
[debug] [2024-06-18T11:00:19.966Z] ----------------------------------------------------------------------
[debug] 
[debug] [2024-06-18T11:00:19.970Z] > command requires scopes: ["email","openid","https://www.googleapis.com/auth/cloudplatformprojects.readonly","https://www.googleapis.com/auth/firebase","https://www.googleapis.com/auth/cloud-platform"]
[debug] [2024-06-18T11:00:19.970Z] > authorizing via signed-in user (chasanpro@gmail.com)
[info] 
     ######## #### ########  ######## ########     ###     ######  ########
     ##        ##  ##     ## ##       ##     ##  ##   ##  ##       ##
     ######    ##  ########  ######   ########  #########  ######  ######
     ##        ##  ##    ##  ##       ##     ## ##     ##       ## ##
     ##       #### ##     ## ######## ########  ##     ##  ######  ########

You're about to initialize a Firebase project in this directory:

  /Volumes/Secondary/Downloads/vcard-personal-portfolio-master

Before we get started, keep in mind:

  * You are currently outside your home directory

[info] 
=== Project Setup
[info] 
[info] First, let's associate this project directory with a Firebase project.
[info] You can create multiple project aliases by running firebase use --add, 
[info] but for now we'll just set up a default project.
[info] 
[debug] [2024-06-18T11:00:23.868Z] >>> [apiv2][query] GET https://firebase.googleapis.com/v1beta1/projects pageSize=100
[debug] [2024-06-18T11:00:24.455Z] <<< [apiv2][status] GET https://firebase.googleapis.com/v1beta1/projects 200
[debug] [2024-06-18T11:00:24.456Z] <<< [apiv2][body] GET https://firebase.googleapis.com/v1beta1/projects [omitted]
[info] i  Using project xpenstrack-ac27d (Xpenstrack) 
[info] 
=== Hosting Setup
[debug] [2024-06-18T11:00:25.992Z] >>> [apiv2][query] GET https://firebase.googleapis.com/v1beta1/projects/xpenstrack-ac27d [none]
[debug] [2024-06-18T11:00:26.388Z] <<< [apiv2][status] GET https://firebase.googleapis.com/v1beta1/projects/xpenstrack-ac27d 200
[debug] [2024-06-18T11:00:26.388Z] <<< [apiv2][body] GET https://firebase.googleapis.com/v1beta1/projects/xpenstrack-ac27d {"projectId":"xpenstrack-ac27d","projectNumber":"372513625215","displayName":"Xpenstrack","name":"projects/xpenstrack-ac27d","resources":{"hostingSite":"xpenstrack-ac27d"},"state":"ACTIVE","etag":"1_ab003261-4c66-4045-8a02-596cf931d7d1"}
[info] 
[info] Your public directory is the folder (relative to your project directory) that
[info] will contain Hosting assets to be uploaded with firebase deploy. If you
[info] have a build process for your assets, use your build's output directory.
[info] 
[debug] [2024-06-18T11:00:36.482Z] >>> [apiv2][query] GET https://www.gstatic.com/firebasejs/releases.json [none]
[debug] [2024-06-18T11:00:36.590Z] <<< [apiv2][status] GET https://www.gstatic.com/firebasejs/releases.json 200
[debug] [2024-06-18T11:00:36.591Z] <<< [apiv2][body] GET https://www.gstatic.com/firebasejs/releases.json {"current":{"version":"10.12.2","browserURL":"https://www.gstatic.com/firebasejs/10.12.2/firebase.js","packageURL":"https://www.gstatic.com/firebasejs/10.12.2/firebase.tgz"},"live":{"version":"10.12","browserURL":"https://www.gstatic.com/firebasejs/live/10.12/firebase.js","packageURL":"https://www.gstatic.com/firebasejs/live/10.12/firebase.tgz"},"components":{"analytics":"https://www.gstatic.com/firebasejs/10.12.2/firebase-analytics.js","app":"https://www.gstatic.com/firebasejs/10.12.2/firebase-app.js","app-check":"https://www.gstatic.com/firebasejs/10.12.2/firebase-app-check.js","auth":"https://www.gstatic.com/firebasejs/10.12.2/firebase-auth.js","auth/cordova":"https://www.gstatic.com/firebasejs/10.12.2/firebase-auth/cordova.js","auth/web-extension":"https://www.gstatic.com/firebasejs/10.12.2/firebase-auth/web-extension.js","functions":"https://www.gstatic.com/firebasejs/10.12.2/firebase-functions.js","firestore":"https://www.gstatic.com/firebasejs/10.12.2/firebase-firestore.js","firestore/lite":"https://www.gstatic.com/firebasejs/10.12.2/firebase-firestore/lite.js","installations":"https://www.gstatic.com/firebasejs/10.12.2/firebase-installations.js","storage":"https://www.gstatic.com/firebasejs/10.12.2/firebase-storage.js","performance":"https://www.gstatic.com/firebasejs/10.12.2/firebase-performance.js","remote-config":"https://www.gstatic.com/firebasejs/10.12.2/firebase-remote-config.js","messaging":"https://www.gstatic.com/firebasejs/10.12.2/firebase-messaging.js","messaging/sw":"https://www.gstatic.com/firebasejs/10.12.2/firebase-messaging/sw.js","database":"https://www.gstatic.com/firebasejs/10.12.2/firebase-database.js","vertexai-preview":"https://www.gstatic.com/firebasejs/10.12.2/firebase-vertexai-preview.js","firestore.memory":"https://www.gstatic.com/firebasejs/10.12.2/firebase-firestore.memory.js"}}
[debug] [2024-06-18T11:00:36.740Z] Error: ENOTDIR: not a directory, scandir '/Volumes/Secondary/Downloads/vcard-personal-portfolio-master/index.html'
    at Object.readdirSync (node:fs:1509:26)
    at Object.createFileSync (/opt/homebrew/Cellar/firebase-cli/13.11.2/libexec/lib/node_modules/firebase-tools/node_modules/fs-extra/lib/ensure/file.js:55:10)
    at Config.writeProjectFile (/opt/homebrew/Cellar/firebase-cli/13.11.2/libexec/lib/node_modules/firebase-tools/lib/config.js:154:12)
    at /opt/homebrew/Cellar/firebase-cli/13.11.2/libexec/lib/node_modules/firebase-tools/lib/config.js:178:22
    at process.processTicksAndRejections (node:internal/process/task_queues:95:5)
    at async doSetup (/opt/homebrew/Cellar/firebase-cli/13.11.2/libexec/lib/node_modules/firebase-tools/lib/init/features/hosting/index.js:177:9)
    at async init (/opt/homebrew/Cellar/firebase-cli/13.11.2/libexec/lib/node_modules/firebase-tools/lib/init/index.js:39:9)
[error] 
[error] Error: An unexpected error has occurred.
